ykaraman - Register - 2018/03/06 18:48:01
ykaraman - Book hotel.Room - 2018/03/06 18:48:01
ykaraman - Register - 2018/03/06 18:48:01
fesirci - Register - 2018/03/06 18:48:19
fesirci - Book hotel.Room - 2018/03/06 18:48:19
fesirci - Register - 2018/03/06 18:48:19
admin - hotel.Receptionist Log in - 2018/03/06 18:48:42
admin - Add hotel.Guest - 2018/03/06 18:48:42
admin - Book hotel.Room - 2018/03/06 18:48:42
admin - hotel.Receptionist Log in - 2018/03/06 18:49:13
admin - Cancel Reservation - 2018/03/06 18:49:13
fesirci - Log in - 2018/03/06 18:49:29
fesirci - Cancel Reservation - 2018/03/06 18:49:29
admin - hotel.Receptionist Log in - 2018/03/06 18:49:45
admin - Check-In - 2018/03/06 18:49:45
esevilgen - Log in - 2018/03/06 18:50:13
esevilgen - Book hotel.Room - 2018/03/06 18:50:13
admin - hotel.Receptionist Log in - 2018/03/06 18:50:26
admin - Check-Out - 2018/03/06 18:50:26
admin - hotel.Receptionist Log in - 2018/03/06 19:16:33
admin - hotel.Receptionist Log in - 2018/03/06 19:17:34
admin - Book hotel.Room - 2018/03/06 19:17:34
esevilgen - Log in - 2018/03/06 19:18:24
esevilgen - Book hotel.Room - 2018/03/06 19:18:24
admin - hotel.Receptionist Log in - 2018/03/06 19:19:12
admin - Book hotel.Room - 2018/03/06 19:19:12
admin - Book hotel.Room - 2018/03/06 19:19:12
admin - hotel.Receptionist Log in - 2018/03/06 19:19:35
admin - hotel.Receptionist Log in - 2018/03/06 19:20:23
admin - Book hotel.Room - 2018/03/06 19:20:23
admin - Check-In - 2018/03/06 19:20:23
admin - hotel.Receptionist Log in - 2018/03/06 19:21:01
admin - Check-Out - 2018/03/06 19:21:01
admin - hotel.Receptionist Log in - 2018/03/06 19:53:32
admin - Cancel Reservation - 2018/03/06 19:53:32
admin - hotel.Receptionist Log in - 2018/03/06 20:14:55
admin - Receptionist Log in - 2018/03/07 19:19:00
admin - Add Guest - 2018/03/07 19:19:00
admin - Add Guest - 2018/03/07 19:19:00
admin - Add Guest - 2018/03/07 19:19:00
admin - Book Room - 2018/03/07 19:19:00
admin - Book Room - 2018/03/07 19:19:00
admin - Book Room - 2018/03/07 19:19:00
admin - Book Room - 2018/03/07 19:19:00
a - Log in - 2018/03/07 19:19:51
a - Cancel Reservation - 2018/03/07 19:19:51
a - Cancel Reservation - 2018/03/07 19:19:51
a - Book Room - 2018/03/07 19:19:51
admin - Receptionist Log in - 2018/03/07 19:20:19
admin - Check-In - 2018/03/07 19:20:19
admin - Check-In - 2018/03/07 19:20:19
